# JRE version: OpenJDK Runtime Environment Temurin-21.0.9+10 (21.0.9+10) (build 21.0.9+10-LTS)
# Java VM: OpenJDK 64-Bit Server VM Temurin-21.0.9+10 (21.0.9+10-LTS, mixed mode, sharing, tiered, compressed oops, compressed class ptrs, g1 gc, windows-amd64)
GC Precious Log:
 CardTable entry size: 512
 Card Set container configuration: InlinePtr #cards 5 size 8 Array Of Cards #cards 12 size 40 Howl #buckets 4 coarsen threshold 1843 Howl Bitmap #cards 512 size 80 coarsen threshold 460 Card regions per heap region 1 cards per card region 2048
 CPUs: 12 total, 12 available
 Memory: 6005M
 Large Page Support: Disabled
 NUMA Support: Disabled
 Compressed Oops: Enabled (32-bit)
 Heap Region Size: 1M
 Heap Min Capacity: 8M
 Heap Initial Capacity: 94M
 Heap Max Capacity: 1502M
 Pre-touch: Disabled
 Parallel Workers: 10
 Concurrent Workers: 3
 Concurrent Refinement Workers: 10
 Periodic GC: Disabled
Heap:
 garbage-first heap   total 45056K, used 25654K [0x00000000a2200000, 0x0000000100000000)
  region size 1024K, 12 young (12288K), 2 survivors (2048K)
 Metaspace       used 32283K, committed 32768K, reserved 1114112K
  class space    used 4033K, committed 4224K, reserved 1048576K
GC Heap History (14 events):
Event: 1.411 GC heap before
{Heap before GC invocations=0 (full 0):
 garbage-first heap   total 96256K, used 23552K [0x00000000a2200000, 0x0000000100000000)
  region size 1024K, 23 young (23552K), 0 survivors (0K)
 Metaspace       used 7382K, committed 7616K, reserved 1114112K
  class space    used 853K, committed 960K, reserved 1048576K
}
Event: 1.420 GC heap after
{Heap after GC invocations=1 (full 0):
 garbage-first heap   total 96256K, used 7448K [0x00000000a2200000, 0x0000000100000000)
  region size 1024K, 3 young (3072K), 3 survivors (3072K)
 Metaspace       used 7382K, committed 7616K, reserved 1114112K
  class space    used 853K, committed 960K, reserved 1048576K
}
Event: 2.938 GC heap before
{Heap before GC invocations=1 (full 0):
 garbage-first heap   total 96256K, used 37144K [0x00000000a2200000, 0x0000000100000000)
  region size 1024K, 33 young (33792K), 3 survivors (3072K)
 Metaspace       used 15822K, committed 16192K, reserved 1114112K
  class space    used 1918K, committed 2112K, reserved 1048576K
}
Event: 2.947 GC heap after
{Heap after GC invocations=2 (full 0):
 garbage-first heap   total 96256K, used 10201K [0x00000000a2200000, 0x0000000100000000)
  region size 1024K, 5 young (5120K), 5 survivors (5120K)
 Metaspace       used 15822K, committed 16192K, reserved 1114112K
  class space    used 1918K, committed 2112K, reserved 1048576K
}
Event: 4.519 GC heap before
{Heap before GC invocations=2 (full 0):
 garbage-first heap   total 96256K, used 24537K [0x00000000a2200000, 0x0000000100000000)
  region size 1024K, 21 young (21504K), 5 survivors (5120K)
 Metaspace       used 21052K, committed 21504K, reserved 1114112K
  class space    used 2546K, committed 2752K, reserved 1048576K
}
Event: 4.527 GC heap after
{Heap after GC invocations=3 (full 0):
 garbage-first heap   total 96256K, used 12726K [0x00000000a2200000, 0x0000000100000000)
  region size 1024K, 5 young (5120K), 5 survivors (5120K)
 Metaspace       used 21052K, committed 21504K, reserved 1114112K
  class space    used 2546K, committed 2752K, reserved 1048576K
}
Event: 17.660 GC heap before
{Heap before GC invocations=4 (full 0):
 garbage-first heap   total 45056K, used 34230K [0x00000000a2200000, 0x0000000100000000)
  region size 1024K, 26 young (26624K), 5 survivors (5120K)
 Metaspace       used 26065K, committed 26496K, reserved 1114112K
  class space    used 3267K, committed 3456K, reserved 1048576K
}
Event: 17.673 GC heap after
{Heap after GC invocations=5 (full 0):
 garbage-first heap   total 45056K, used 14089K [0x00000000a2200000, 0x0000000100000000)
  region size 1024K, 2 young (2048K), 2 survivors (2048K)
 Metaspace       used 26065K, committed 26496K, reserved 1114112K
  class space    used 3267K, committed 3456K, reserved 1048576K
}
Event: 33.706 GC heap before
{Heap before GC invocations=5 (full 0):
 garbage-first heap   total 45056K, used 33545K [0x00000000a2200000, 0x0000000100000000)
  region size 1024K, 21 young (21504K), 2 survivors (2048K)
 Metaspace       used 30587K, committed 31104K, reserved 1114112K
  class space    used 3812K, committed 4032K, reserved 1048576K
}
Event: 33.712 GC heap after
{Heap after GC invocations=6 (full 0):
 garbage-first heap   total 45056K, used 15104K [0x00000000a2200000, 0x0000000100000000)
  region size 1024K, 3 young (3072K), 3 survivors (3072K)
 Metaspace       used 30587K, committed 31104K, reserved 1114112K
  class space    used 3812K, committed 4032K, reserved 1048576K
}
Event: 33.760 GC heap before
{Heap before GC invocations=6 (full 0):
 garbage-first heap   total 45056K, used 34560K [0x00000000a2200000, 0x0000000100000000)
  region size 1024K, 22 young (22528K), 3 survivors (3072K)
 Metaspace       used 30646K, committed 31168K, reserved 1114112K
  class space    used 3820K, committed 4032K, reserved 1048576K
}
Event: 33.765 GC heap after
{Heap after GC invocations=7 (full 0):
 garbage-first heap   total 45056K, used 15799K [0x00000000a2200000, 0x0000000100000000)
  region size 1024K, 2 young (2048K), 2 survivors (2048K)
 Metaspace       used 30646K, committed 31168K, reserved 1114112K
  class space    used 3820K, committed 4032K, reserved 1048576K
}
Event: 33.793 GC heap before
{Heap before GC invocations=7 (full 0):
 garbage-first heap   total 45056K, used 36279K [0x00000000a2200000, 0x0000000100000000)
  region size 1024K, 22 young (22528K), 2 survivors (2048K)
 Metaspace       used 30646K, committed 31168K, reserved 1114112K
  class space    used 3820K, committed 4032K, reserved 1048576K
}
Event: 33.797 GC heap after
{Heap after GC invocations=8 (full 0):
 garbage-first heap   total 45056K, used 16438K [0x00000000a2200000, 0x0000000100000000)
  region size 1024K, 2 young (2048K), 2 survivors (2048K)
 Metaspace       used 30646K, committed 31168K, reserved 1114112K
  class space    used 3820K, committed 4032K, reserved 1048576K
}

