<?xml version="1.0" encoding="UTF-8"?>
<!-- Generated by org.testng.reporters.JUnitXMLReporter -->
<testsuite ignored="0" hostname="LAPTOP-LIHANI9T" failures="3" tests="6" name="Test" time="52.74" errors="0" timestamp="2026-01-30T02:25:44 IST">
  <testcase classname="testCases.TC002_LoginTest" name="Verify_Login" time="3.164"/>
  <testcase classname="testCases.TC003_LoginDDT" name="verify_loginDDT" time="11.796">
    <failure type="java.lang.AssertionError" message="Expected valid login, but account page not found">
      <![CDATA[java.lang.AssertionError: Expected valid login, but account page not found
at testCases.TC003_LoginDDT.verify_loginDDT(TC003_LoginDDT.java:34)
at java.base/java.util.ArrayList.forEach(ArrayList.java:1596)
... Removed 26 stack frames]]>
    </failure>
  </testcase> <!-- verify_loginDDT -->
  <testcase classname="testCases.TC003_LoginDDT" name="verify_loginDDT" time="2.944">
    <failure type="java.lang.AssertionError" message="Expected login to fail, but account page was found">
      <![CDATA[java.lang.AssertionError: Expected login to fail, but account page was found
at testCases.TC003_LoginDDT.verify_loginDDT(TC003_LoginDDT.java:41)
at java.base/java.util.ArrayList.forEach(ArrayList.java:1596)
... Removed 26 stack frames]]>
    </failure>
  </testcase> <!-- verify_loginDDT -->
  <testcase classname="testCases.TC003_LoginDDT" name="verify_loginDDT" time="2.637">
    <failure type="java.lang.AssertionError" message="Expected login to fail, but account page was found">
      <![CDATA[java.lang.AssertionError: Expected login to fail, but account page was found
at testCases.TC003_LoginDDT.verify_loginDDT(TC003_LoginDDT.java:41)
at java.base/java.util.ArrayList.forEach(ArrayList.java:1596)
... Removed 26 stack frames]]>
    </failure>
  </testcase> <!-- verify_loginDDT -->
  <testcase classname="testCases.TC003_LoginDDT" name="verify_loginDDT" time="11.865"/>
  <testcase classname="testCases.TC003_LoginDDT" name="verify_loginDDT" time="2.329"/>
</testsuite> <!-- Test -->
