<?xml version="1.0" encoding="UTF-8"?>
<testng-results ignored="0" total="2" passed="2" failed="0" skipped="0">
  <reporter-output>
  </reporter-output>
  <suite started-at="2026-02-06T01:59:26 IST" name="Suite" finished-at="2026-02-06T01:59:44 IST" duration-ms="18565">
    <groups>
      <group name="Regression">
        <method signature="TC001_AccountRegistrationTest.verify_account_registration()[pri:0, instance:testCases.TC001_AccountRegistrationTest@4690b489]" name="verify_account_registration" class="testCases.TC001_AccountRegistrationTest"/>
      </group> <!-- Regression -->
      <group name="sanity">
        <method signature="TC002_LoginTest.Verify_Login()[pri:0, instance:testCases.TC002_LoginTest@1534f01b]" name="Verify_Login" class="testCases.TC002_LoginTest"/>
      </group> <!-- sanity -->
      <group name="master">
        <method signature="TC001_AccountRegistrationTest.verify_account_registration()[pri:0, instance:testCases.TC001_AccountRegistrationTest@4690b489]" name="verify_account_registration" class="testCases.TC001_AccountRegistrationTest"/>
        <method signature="TC002_LoginTest.Verify_Login()[pri:0, instance:testCases.TC002_LoginTest@1534f01b]" name="Verify_Login" class="testCases.TC002_LoginTest"/>
      </group> <!-- master -->
    </groups>
    <test started-at="2026-02-06T01:59:26 IST" name="Test" finished-at="2026-02-06T01:59:44 IST" duration-ms="18565">
      <class name="testCases.TC002_LoginTest">
        <test-method is-config="true" signature="setup(java.lang.String,java.lang.String)[pri:0, instance:testCases.TC002_LoginTest@1534f01b]" started-at="2026-02-06T01:59:26 IST" name="setup" finished-at="2026-02-06T01:59:34 IST" duration-ms="7953" status="PASS">
          <params>
            <param index="0">
              <value>
                <![CDATA[windows]]>
              </value>
            </param>
            <param index="1">
              <value>
                <![CDATA[chrome]]>
              </value>
            </param>
          </params>
          <reporter-output>
          </reporter-output>
        </test-method> <!-- setup -->
        <test-method signature="Verify_Login()[pri:0, instance:testCases.TC002_LoginTest@1534f01b]" started-at="2026-02-06T01:59:34 IST" name="Verify_Login" finished-at="2026-02-06T01:59:36 IST" duration-ms="1631" status="PASS">
          <reporter-output>
          </reporter-output>
        </test-method> <!-- Verify_Login -->
        <test-method is-config="true" signature="tearDown()[pri:0, instance:testCases.TC002_LoginTest@1534f01b]" started-at="2026-02-06T01:59:36 IST" name="tearDown" finished-at="2026-02-06T01:59:36 IST" duration-ms="571" status="PASS">
          <reporter-output>
          </reporter-output>
        </test-method> <!-- tearDown -->
      </class> <!-- testCases.TC002_LoginTest -->
      <class name="testCases.TC001_AccountRegistrationTest">
        <test-method is-config="true" signature="setup(java.lang.String,java.lang.String)[pri:0, instance:testCases.TC001_AccountRegistrationTest@4690b489]" started-at="2026-02-06T01:59:36 IST" name="setup" finished-at="2026-02-06T01:59:38 IST" duration-ms="2102" status="PASS">
          <params>
            <param index="0">
              <value>
                <![CDATA[windows]]>
              </value>
            </param>
            <param index="1">
              <value>
                <![CDATA[chrome]]>
              </value>
            </param>
          </params>
          <reporter-output>
          </reporter-output>
        </test-method> <!-- setup -->
        <test-method signature="verify_account_registration()[pri:0, instance:testCases.TC001_AccountRegistrationTest@4690b489]" started-at="2026-02-06T01:59:38 IST" name="verify_account_registration" finished-at="2026-02-06T01:59:44 IST" duration-ms="5285" status="PASS">
          <reporter-output>
          </reporter-output>
        </test-method> <!-- verify_account_registration -->
        <test-method is-config="true" signature="tearDown()[pri:0, instance:testCases.TC001_AccountRegistrationTest@4690b489]" started-at="2026-02-06T01:59:44 IST" name="tearDown" finished-at="2026-02-06T01:59:44 IST" duration-ms="605" status="PASS">
          <reporter-output>
          </reporter-output>
        </test-method> <!-- tearDown -->
      </class> <!-- testCases.TC001_AccountRegistrationTest -->
    </test> <!-- Test -->
  </suite> <!-- Suite -->
</testng-results>
