<?xml version="1.0" encoding="UTF-8"?>
<testsuite xmlns:xsi="http://www.w3.org/2001/XMLSchema-instance" xsi:noNamespaceSchemaLocation="https://maven.apache.org/surefire/maven-surefire-plugin/xsd/surefire-test-report.xsd" version="3.0.2" name="TestSuite" time="17.807" tests="2" errors="0" skipped="0" failures="0">
  <properties>
[...]
</properties>
  <testcase name="Verify_Login" classname="testCases.TC002_LoginTest" time="2.016">
    <system-out><![CDATA[00:01:19.764 [main] INFO  testCases.TC002_LoginTest - --------starting login test----
00:01:21.750 [main] INFO  testCases.TC002_LoginTest - --------Test steps executed----
]]></system-out>
    <system-err><![CDATA[SLF4J(W): No SLF4J providers were found.
SLF4J(W): Defaulting to no-operation (NOP) logger implementation
SLF4J(W): See https://www.slf4j.org/codes.html#noProviders for further details.
2026-02-03T18:31:15.554796100Z main DEBUG Apache Log4j Core 2.25 initializing configuration XmlConfiguration[location=C:\Javaworkspace11nov\Opencartv1\target\test-classes\log4j2.xml, lastModified=2026-01-26T18:25:59.108Z]
2026-02-03T18:31:15.557800600Z main DEBUG PluginManager 'Core' found 134 plugins
2026-02-03T18:31:15.557800600Z main DEBUG PluginManager 'Level' found 0 plugins
2026-02-03T18:31:15.566806700Z main DEBUG Building Plugin[name=Property, class=org.apache.logging.log4j.core.config.Property].
2026-02-03T18:31:15.586798200Z main DEBUG PluginManager 'TypeConverter' found 26 plugins
2026-02-03T18:31:15.597900400Z main DEBUG createProperty(name="basePath", value="./logs", Configuration(C:\Javaworkspace11nov\Opencartv1\target\test-classes\log4j2.xml))
2026-02-03T18:31:15.600900200Z main DEBUG Building Plugin[name=Properties, class=org.apache.logging.log4j.core.config.PropertiesPlugin].
2026-02-03T18:31:15.604912400Z main DEBUG configureSubstitutor(={basePath=./logs}, Configuration(C:\Javaworkspace11nov\Opencartv1\target\test-classes\log4j2.xml))
2026-02-03T18:31:15.607923100Z main DEBUG PluginManager 'Lookup' found 16 plugins
2026-02-03T18:31:15.607923100Z main DEBUG Building Plugin[name=layout, class=org.apache.logging.log4j.core.layout.PatternLayout].
2026-02-03T18:31:15.624593900Z main DEBUG PatternLayout$Builder(pattern="%d{HH:mm:ss.SSS} [%t] %-5level %logger{36} - %msg%n", PatternSelector=null, Configuration(C:\Javaworkspace11nov\Opencartv1\target\test-classes\log4j2.xml), Replace=null, charset="null", alwaysWriteExceptions="null", disableAnsi="null", noConsoleNoAnsi="null", header="null", footer="null")
2026-02-03T18:31:15.626102800Z main DEBUG PluginManager 'Converter' found 45 plugins
2026-02-03T18:31:15.670554300Z main DEBUG Building Plugin[name=appender, class=org.apache.logging.log4j.core.appender.ConsoleAppender].
2026-02-03T18:31:15.680561200Z main DEBUG ConsoleAppender$Builder(target="SYSTEM_OUT", follow="null", direct="null", bufferedIo="null", bufferSize="null", immediateFlush="null", ignoreExceptions="null", PatternLayout(%d{HH:mm:ss.SSS} [%t] %-5level %logger{36} - %msg%n), name="Console", Configuration(C:\Javaworkspace11nov\Opencartv1\target\test-classes\log4j2.xml), Filter=null, ={})
2026-02-03T18:31:15.682558200Z main DEBUG Starting OutputStreamManager SYSTEM_OUT.false.false
2026-02-03T18:31:15.683781300Z main DEBUG Building Plugin[name=layout, class=org.apache.logging.log4j.core.layout.PatternLayout].
2026-02-03T18:31:15.683781300Z main DEBUG PatternLayout$Builder(pattern="%d{HH:mm:ss.SSS} [%t] %-5level %logger{36} - %msg%n", PatternSelector=null, Configuration(C:\Javaworkspace11nov\Opencartv1\target\test-classes\log4j2.xml), Replace=null, charset="null", alwaysWriteExceptions="null", disableAnsi="null", noConsoleNoAnsi="null", header="null", footer="null")
2026-02-03T18:31:15.684774100Z main DEBUG Building Plugin[name=SizeBasedTriggeringPolicy, class=org.apache.logging.log4j.core.appender.rolling.SizeBasedTriggeringPolicy].
2026-02-03T18:31:15.687462500Z main DEBUG createPolicy(size="5000")
2026-02-03T18:31:15.690502100Z main DEBUG Building Plugin[name=appender, class=org.apache.logging.log4j.core.appender.RollingFileAppender].
2026-02-03T18:31:15.694090700Z main DEBUG RollingFileAppender$Builder(fileName="./logs/automation.log", filePattern="./logs/automation-%d{yyyy-MM-dd}.log", append="null", locking="null", SizeBasedTriggeringPolicy(SizeBasedTriggeringPolicy(size=5000)), Strategy=null, advertise="null", advertiseUri="null", createOnDemand="null", filePermissions="null", fileOwner="null", fileGroup="null", bufferedIo="null", bufferSize="null", immediateFlush="null", ignoreExceptions="null", PatternLayout(%d{HH:mm:ss.SSS} [%t] %-5level %logger{36} - %msg%n), name="File", Configuration(C:\Javaworkspace11nov\Opencartv1\target\test-classes\log4j2.xml), Filter=null, ={})
2026-02-03T18:31:15.703898400Z main DEBUG Returning file creation time for C:\Javaworkspace11nov\Opencartv1\.\logs\automation.log
2026-02-03T18:31:15.705227900Z main DEBUG Starting RollingFileManager ./logs/automation.log
2026-02-03T18:31:15.707264100Z main DEBUG PluginManager 'FileConverter' found 2 plugins
2026-02-03T18:31:15.712286400Z main DEBUG Setting prev file time to 2026-02-03T03:29:05.000+0530
2026-02-03T18:31:15.712286400Z main DEBUG Initializing triggering policy SizeBasedTriggeringPolicy(size=5000)
2026-02-03T18:31:15.712286400Z main DEBUG Building Plugin[name=Appenders, class=org.apache.logging.log4j.core.config.AppendersPlugin].
2026-02-03T18:31:15.712286400Z main DEBUG createAppenders(={Console, File})
2026-02-03T18:31:15.713281800Z main DEBUG Building Plugin[name=AppenderRef, class=org.apache.logging.log4j.core.config.AppenderRef].
2026-02-03T18:31:15.715287400Z main DEBUG createAppenderRef(ref="Console", level="null", Filter=null)
2026-02-03T18:31:15.716490600Z main DEBUG Building Plugin[name=AppenderRef, class=org.apache.logging.log4j.core.config.AppenderRef].
2026-02-03T18:31:15.717572100Z main DEBUG createAppenderRef(ref="File", level="null", Filter=null)
2026-02-03T18:31:15.717572100Z main DEBUG Building Plugin[name=Root, class=org.apache.logging.log4j.core.config.LoggerConfig$RootLogger].
2026-02-03T18:31:15.720767700Z main DEBUG LoggerConfig$RootLogger$Builder(additivity="null", level="DEBUG", levelAndRefs="null", includeLocation="null", ={Console, File}, ={}, Configuration(C:\Javaworkspace11nov\Opencartv1\target\test-classes\log4j2.xml), Filter=null)
2026-02-03T18:31:15.724218400Z main DEBUG Building Plugin[name=Loggers, class=org.apache.logging.log4j.core.config.LoggersPlugin].
2026-02-03T18:31:15.725227400Z main DEBUG createLoggers(={root})
2026-02-03T18:31:15.726718800Z main DEBUG Configuration XmlConfiguration[location=C:\Javaworkspace11nov\Opencartv1\target\test-classes\log4j2.xml, lastModified=2026-01-26T18:25:59.108Z] initialized
2026-02-03T18:31:15.726718800Z main INFO Starting configuration XmlConfiguration[location=C:\Javaworkspace11nov\Opencartv1\target\test-classes\log4j2.xml, lastModified=2026-01-26T18:25:59.108Z]...
2026-02-03T18:31:15.726718800Z main INFO Configuration XmlConfiguration[location=C:\Javaworkspace11nov\Opencartv1\target\test-classes\log4j2.xml, lastModified=2026-01-26T18:25:59.108Z] started.
2026-02-03T18:31:15.732962900Z main INFO Stopping configuration org.apache.logging.log4j.core.config.DefaultConfiguration@531f4093...
2026-02-03T18:31:15.732962900Z main DEBUG Shutting down OutputStreamManager SYSTEM_OUT.false.false-1
2026-02-03T18:31:15.732962900Z main DEBUG OutputStream closed
2026-02-03T18:31:15.732962900Z main DEBUG Shut down OutputStreamManager SYSTEM_OUT.false.false-1, all resources released: true
2026-02-03T18:31:15.732962900Z main DEBUG Appender DefaultConsole-1 stopped with status true
2026-02-03T18:31:15.734027900Z main INFO Configuration org.apache.logging.log4j.core.config.DefaultConfiguration@531f4093 stopped.
2026-02-03T18:31:15.736098200Z main DEBUG org.apache.logging.log4j.core.util.SystemClock supports precise timestamps.
2026-02-03T18:31:15.737101800Z main DEBUG Reconfiguration complete for context[name=105be200] at URI C:\Javaworkspace11nov\Opencartv1\target\test-classes\log4j2.xml (org.apache.logging.log4j.core.LoggerContext@6aecbb8d) with optional ClassLoader: null
2026-02-03T18:31:15.737101800Z main DEBUG Shutdown hook enabled. Registering a new one.
2026-02-03T18:31:15.740102700Z main DEBUG LoggerContext[name=105be200, org.apache.logging.log4j.core.LoggerContext@6aecbb8d] started OK.
]]></system-err>
  </testcase>
  <testcase name="verify_account_registration" classname="testCases.TC001_AccountRegistrationTest" time="5.552">
    <system-out><![CDATA[00:01:24.508 [main] INFO  testCases.TC001_AccountRegistrationTest - *****starting TC001_AccountRegistrationTest*****
00:01:24.688 [main] INFO  testCases.TC001_AccountRegistrationTest - *****Clicked on Account*****
00:01:25.134 [main] INFO  testCases.TC001_AccountRegistrationTest - *****clicked on register*****
00:01:25.151 [main] INFO  testCases.TC001_AccountRegistrationTest - *****Filling customer details*****
prkeI@gmail.com
EIz@224
00:01:26.976 [main] INFO  testCases.TC001_AccountRegistrationTest - *****Validating expecting message*****
00:01:30.056 [main] INFO  testCases.TC001_AccountRegistrationTest - Test finished
]]></system-out>
    <system-err><![CDATA[2026-02-03T18:31:25.136306600Z main DEBUG Formatting file name. useCurrentTime=false. currentFileTime=0, prevFileTime=0
2026-02-03T18:31:25.138324500Z main DEBUG Eligible files: {}
2026-02-03T18:31:25.138324500Z main DEBUG Formatting file name. useCurrentTime=false. currentFileTime=0, prevFileTime=0
2026-02-03T18:31:25.142329Z main DEBUG OutputStream closed
2026-02-03T18:31:25.142329Z main DEBUG RollingFileManager executing synchronous FileRenameAction[.\logs\automation.log to .\logs\automation-2026-02-04.log, renameEmptyFiles=false]
2026-02-03T18:31:25.146849400Z main DEBUG Now writing to ./logs/automation.log at 2026-02-04T00:01:25.145+0530
]]></system-err>
  </testcase>
</testsuite>