<?xml version="1.0" encoding="UTF-8"?>
<!-- Generated by org.testng.reporters.JUnitXMLReporter -->
<testsuite ignored="1" hostname="LAPTOP-LIHANI9T" failures="0" tests="2" name="Test" time="18.453" errors="0" timestamp="2026-02-01T00:27:15 IST">
  <testcase classname="testCases.TC002_LoginTest" name="Verify_Login" time="2.455"/>
  <testcase classname="testCases.TC001_AccountRegistrationTest" name="verify_account_registration" time="5.581"/>
  <testcase classname="testCases.TC003_LoginDDT" name="verify_loginDDT" time="0.0">
    <ignored/>
  </testcase> <!-- verify_loginDDT -->
</testsuite> <!-- Test -->
